<?xml version="1.0" encoding="UTF-8"?>
<!-- Generated by org.testng.reporters.JUnitReportReporter -->
<testsuite hostname="DESKTOP-VV58H2J" failures="0" tests="1" name="driverFactory.AppTest" time="32.873" errors="0" timestamp="2023-07-07T16:39:19 IST" skipped="0">
  <testcase classname="driverFactory.AppTest" name="kickStart" time="32.873"/>
  <system-out/>
</testsuite> <!-- driverFactory.AppTest -->
